INFO  :  2012/08/08 14:50:38 -:- com.dhanjal.build.RunSmoker -:- main -:- Found Process: dhanjalNSFtoSQL. Lauching it.. 
INFO  :  2012/08/08 14:50:38 -:- com.dhanjal.build.Process.ExternalProcess -:- run -:- Started running process: dhanjalNSFtoSQL 
INFO  :  2012/08/08 14:50:38 -:- com.dhanjal.build.RunSmoker -:- main -:- Found Process: RobinTest. Lauching it.. 
INFO  :  2012/08/08 14:50:38 -:- com.dhanjal.build.RunSmoker -:- main -:- Found Process: CrowTest. Lauching it.. 
INFO  :  2012/08/08 14:50:38 -:- com.dhanjal.build.Process.ExternalProcess -:- run -:- Started running process: RobinTest 
INFO  :  2012/08/08 14:50:38 -:- com.dhanjal.build.Process.ExternalProcess -:- run -:- Started running process: CrowTest 
SEVERE  :  2012/08/08 14:50:38 -:- com.dhanjal.build.Process.ExternalProcess -:- run -:- IOException while launching process: Crow
		 EXCEPTION -:- java.io.IOException: Cannot run program "Crow 3676": CreateProcess error=2, The system cannot find the file specified
		java.lang.ProcessBuilder.start(Unknown Source)
		com.dhanjal.build.Process.ExternalProcess.run(ExternalProcess.java:113)
		java.lang.Thread.run(Unknown Source)
INFO  :  2012/08/08 14:50:38 -:- com.dhanjal.build.Process.ExternalProcess -:- run -:- Done running process: CrowTest 
SEVERE  :  2012/08/08 14:50:38 -:- com.dhanjal.build.Process.ExternalProcess -:- run -:- IOException while launching process: Robin
		 EXCEPTION -:- java.io.IOException: Cannot run program "Robin 3675": CreateProcess error=2, The system cannot find the file specified
		java.lang.ProcessBuilder.start(Unknown Source)
		com.dhanjal.build.Process.ExternalProcess.run(ExternalProcess.java:113)
		java.lang.Thread.run(Unknown Source)
INFO  :  2012/08/08 14:50:38 -:- com.dhanjal.build.Process.ExternalProcess -:- run -:- Done running process: RobinTest 
INFO  :  2012/08/08 14:50:46 -:- com.dhanjal.build.Process.ExternalProcess -:- run -:- Done running process: dhanjalNSFtoSQL 
INFO  :  2012/08/08 14:50:47 -:- com.dhanjal.build.RunSmoker -:- main -:- Notifying now.. 
